<?xml version="1.0" encoding="UTF-8"?>
<!-- Generated by org.testng.reporters.JUnitReportReporter -->
<testsuite skipped="0" hostname="DESKTOP-H0PI4DT" name="actionExample.DragDropExample2" tests="1" failures="0" timestamp="2022-03-31T11:38:38 IST" time="12.428" errors="0">
  <testcase name="dragdropTest1" time="12.428" classname="actionExample.DragDropExample2"/>
  <system-out/>
</testsuite> <!-- actionExample.DragDropExample2 -->
